2024-05-09 10:20:20.494 [main] INFO  com.tfm.app - Esperando conexiones en puerto 12345
2024-05-09 10:22:20.685 [main] INFO  com.tfm.app - Esperando conexiones en puerto 12345
2024-05-09 10:28:10.883 [main] INFO  com.tfm.app - Esperando conexiones en puerto 12345
2024-05-09 10:28:12.721 [main] INFO  com.tfm.app - Esperando conexiones en puerto 12345
2024-05-09 10:28:52.829 [main] INFO  com.tfm.app - Esperando conexiones en puerto 12345
2024-05-09 10:28:55.450 [main] INFO  com.tfm.app - Esperando conexiones en puerto 12345
2024-05-09 10:34:05.896 [main] INFO  com.tfm.app - Esperando conexiones en puerto 12345
2024-05-09 10:34:20.263 [main] INFO  com.tfm.app - Esperando conexiones en puerto 12345
2024-05-09 10:34:37.637 [main] INFO  com.tfm.app - Esperando conexiones en puerto 12345
2024-05-09 10:36:07.980 [main] INFO  com.tfm.app - Esperando conexiones en puerto 12345
2024-05-09 10:37:17.451 [main] INFO  com.tfm.app - Esperando conexiones en puerto 12345
2024-05-09 10:39:37.388 [main] INFO  com.tfm.app - Esperando conexiones en puerto 12345
2024-05-09 10:41:02.339 [main] INFO  com.tfm.app - Esperando conexiones en puerto 12345
2024-05-09 10:41:11.883 [main] INFO  com.tfm.app - Esperando conexiones en puerto 12345
2024-05-09 10:41:52.986 [main] INFO  com.tfm.app - El canal "Test" ha sido creado por el usuario "Pepe".
2024-05-09 10:41:52.987 [main] INFO  com.tfm.app - Esperando conexiones en puerto 12345
2024-05-09 10:42:43.620 [main] INFO  com.tfm.app - Esperando conexiones en puerto 12345
2024-05-09 10:44:10.654 [main] INFO  com.tfm.app - Esperando conexiones en puerto 12345
2024-05-09 10:44:19.148 [main] INFO  com.tfm.app - Esperando conexiones en puerto 12345
2024-05-09 10:47:28.114 [main] INFO  com.tfm.app - Esperando conexiones en puerto 12345
2024-05-09 10:48:05.964 [main] INFO  com.tfm.app - Esperando conexiones en puerto 12345
2024-05-09 10:49:13.885 [main] INFO  com.tfm.app - El canal "T" ha sido creado por el usuario "Pepe2".
2024-05-09 10:49:13.886 [main] INFO  com.tfm.app - Esperando conexiones en puerto 12345
2024-05-09 10:52:04.591 [main] INFO  com.tfm.app - Esperando conexiones en puerto 12345
2024-05-09 10:52:42.137 [main] INFO  com.tfm.app - Esperando conexiones en puerto 12345
2024-05-09 10:54:40.664 [main] INFO  com.tfm.app - Esperando conexiones en puerto 12345
2024-05-09 10:55:47.556 [main] INFO  com.tfm.app - Esperando conexiones en puerto 12345
2024-05-09 10:56:31.536 [main] INFO  com.tfm.app - Esperando conexiones en puerto 12345
2024-05-09 10:56:40.324 [main] INFO  com.tfm.app - Esperando conexiones en puerto 12345
2024-05-09 11:09:57.921 [main] INFO  com.tfm.app - Esperando conexiones en puerto 12345
2024-05-09 11:10:08.980 [main] INFO  com.tfm.app - Esperando conexiones en puerto 12345
2024-05-09 11:19:01.123 [main] INFO  com.tfm.app - Esperando conexiones en puerto 12345
2024-05-09 11:19:14.079 [main] INFO  com.tfm.app - Esperando conexiones en puerto 12345
2024-05-09 11:19:37.033 [main] INFO  com.tfm.app - Esperando conexiones en puerto 12345
2024-05-09 11:19:54.398 [main] INFO  com.tfm.app - Esperando conexiones en puerto 12345
2024-05-09 11:20:03.135 [main] INFO  com.tfm.app - Esperando conexiones en puerto 12345
2024-05-09 12:42:34.851 [main] INFO  com.tfm.app - Esperando conexiones en puerto 12345
2024-05-09 12:43:12.683 [main] INFO  com.tfm.app - Esperando conexiones en puerto 12345
2024-05-09 13:23:31.974 [main] INFO  com.tfm.app - Esperando conexiones en puerto 12345
2024-05-09 15:20:07.369 [main] INFO  com.tfm.app - Esperando conexiones en puerto 12345
2024-05-09 15:20:24.118 [main] INFO  com.tfm.app - Esperando conexiones en puerto 12345
2024-05-09 15:23:19.062 [main] INFO  com.tfm.app - Esperando conexiones en puerto 12345
2024-05-09 15:23:36.797 [main] INFO  com.tfm.app - Esperando conexiones en puerto 12345
2024-05-09 15:24:09.180 [main] INFO  com.tfm.app - Esperando conexiones en puerto 12345
2024-05-09 15:24:17.267 [main] INFO  com.tfm.app - Esperando conexiones en puerto 12345
2024-05-09 15:24:56.785 [main] INFO  com.tfm.app - Esperando conexiones en puerto 12345
2024-05-09 15:25:11.457 [main] INFO  com.tfm.app - El canal "Test" ha sido creado por el usuario "Pepe".
2024-05-09 15:25:11.458 [main] INFO  com.tfm.app - Esperando conexiones en puerto 12345
2024-05-09 15:25:18.058 [main] INFO  com.tfm.app - Esperando conexiones en puerto 12345
2024-05-09 15:25:27.969 [main] INFO  com.tfm.app - Esperando conexiones en puerto 12345
2024-05-09 15:26:02.371 [main] INFO  com.tfm.app - Esperando conexiones en puerto 12345
2024-05-09 15:27:23.437 [main] INFO  com.tfm.app - Esperando conexiones en puerto 12345
2024-05-09 15:27:25.223 [main] INFO  com.tfm.app - Esperando conexiones en puerto 12345
2024-05-09 15:27:25.259 [main] INFO  com.tfm.app - Esperando conexiones en puerto 12345
2024-05-09 15:27:25.397 [main] INFO  com.tfm.app - El canal "F" ha sido creado por el usuario "Pepe".
2024-05-09 15:27:25.398 [main] INFO  com.tfm.app - Esperando conexiones en puerto 12345
2024-05-09 15:27:39.728 [main] INFO  com.tfm.app - Esperando conexiones en puerto 12345
2024-05-09 15:27:51.426 [main] INFO  com.tfm.app - Esperando conexiones en puerto 12345
2024-05-09 15:28:05.256 [main] INFO  com.tfm.app - Esperando conexiones en puerto 12345
2024-05-09 15:28:14.161 [main] INFO  com.tfm.app - Esperando conexiones en puerto 12345
2024-05-09 15:28:21.705 [main] INFO  com.tfm.app - Esperando conexiones en puerto 12345
2024-05-09 15:28:54.684 [main] INFO  com.tfm.app - Esperando conexiones en puerto 12345
2024-05-09 15:29:11.265 [main] INFO  com.tfm.app - Esperando conexiones en puerto 12345
2024-05-09 15:32:35.291 [main] INFO  com.tfm.app - Esperando conexiones en puerto 12345
2024-05-09 15:32:43.070 [main] INFO  com.tfm.app - Esperando conexiones en puerto 12345
2024-05-09 15:32:49.274 [main] INFO  com.tfm.app - Esperando conexiones en puerto 12345
2024-05-09 15:36:10.810 [main] INFO  com.tfm.app - Esperando conexiones en puerto 12345
2024-05-09 15:36:17.830 [main] INFO  com.tfm.app - Esperando conexiones en puerto 12345
2024-05-09 15:36:26.406 [main] INFO  com.tfm.app - Esperando conexiones en puerto 12345
2024-05-09 15:38:23.799 [main] INFO  com.tfm.app - Esperando conexiones en puerto 12345
2024-05-09 15:38:49.624 [main] INFO  com.tfm.app - Esperando conexiones en puerto 12345
2024-05-09 15:39:01.984 [main] INFO  com.tfm.app - Esperando conexiones en puerto 12345
2024-05-09 15:39:09.048 [main] INFO  com.tfm.app - Esperando conexiones en puerto 12345
2024-05-09 15:41:26.361 [main] INFO  com.tfm.app - Esperando conexiones en puerto 12345
2024-05-09 15:41:32.100 [main] INFO  com.tfm.app - Esperando conexiones en puerto 12345
2024-05-09 15:41:39.484 [main] INFO  com.tfm.app - Esperando conexiones en puerto 12345
2024-05-09 15:45:56.989 [main] INFO  com.tfm.app - Esperando conexiones en puerto 12345
2024-05-09 15:46:03.037 [main] INFO  com.tfm.app - Esperando conexiones en puerto 12345
2024-05-09 15:46:09.200 [main] INFO  com.tfm.app - Esperando conexiones en puerto 12345
2024-05-09 15:56:18.815 [main] INFO  com.tfm.app - Esperando conexiones en puerto 12345
2024-05-09 15:56:24.099 [main] INFO  com.tfm.app - Esperando conexiones en puerto 12345
2024-05-09 15:56:28.476 [main] INFO  com.tfm.app - Esperando conexiones en puerto 12345
2024-05-09 15:59:07.912 [main] INFO  com.tfm.app - Esperando conexiones en puerto 12345
2024-05-09 15:59:18.305 [main] INFO  com.tfm.app - Esperando conexiones en puerto 12345
2024-05-09 15:59:24.539 [main] INFO  com.tfm.app - Esperando conexiones en puerto 12345
2024-05-09 15:59:47.693 [main] INFO  com.tfm.app - Esperando conexiones en puerto 12345
2024-05-09 16:03:45.852 [main] INFO  com.tfm.app - Esperando conexiones en puerto 12345
2024-05-09 16:04:30.834 [main] INFO  com.tfm.app - Esperando conexiones en puerto 12345
2024-05-09 16:04:37.342 [main] INFO  com.tfm.app - Esperando conexiones en puerto 12345
2024-05-09 16:04:41.463 [main] INFO  com.tfm.app - Esperando conexiones en puerto 12345
2024-05-09 16:09:44.071 [main] INFO  com.tfm.app - Esperando conexiones en puerto 12345
2024-05-09 16:09:50.725 [main] INFO  com.tfm.app - Esperando conexiones en puerto 12345
2024-05-09 16:09:56.075 [main] INFO  com.tfm.app - Esperando conexiones en puerto 12345
2024-05-09 16:11:49.102 [main] INFO  com.tfm.app - Esperando conexiones en puerto 12345
2024-05-09 16:12:05.851 [main] INFO  com.tfm.app - Esperando conexiones en puerto 12345
2024-05-09 16:12:13.555 [main] INFO  com.tfm.app - El canal "R" ha sido creado por el usuario "Pepe".
2024-05-09 16:12:13.557 [main] INFO  com.tfm.app - Esperando conexiones en puerto 12345
2024-05-09 16:12:24.755 [main] INFO  com.tfm.app - Esperando conexiones en puerto 12345
2024-05-09 16:13:08.184 [main] INFO  com.tfm.app - Esperando conexiones en puerto 12345
2024-05-09 16:13:15.246 [main] INFO  com.tfm.app - Esperando conexiones en puerto 12345
2024-05-09 16:14:17.628 [main] INFO  com.tfm.app - Esperando conexiones en puerto 12345
2024-05-09 16:14:22.609 [main] INFO  com.tfm.app - Esperando conexiones en puerto 12345
2024-05-09 16:14:26.495 [main] INFO  com.tfm.app - Esperando conexiones en puerto 12345
2024-05-09 16:14:36.833 [main] INFO  com.tfm.app - Esperando conexiones en puerto 12345
2024-05-09 16:14:57.114 [main] INFO  com.tfm.app - Esperando conexiones en puerto 12345
2024-05-09 16:15:00.293 [main] INFO  com.tfm.app - Esperando conexiones en puerto 12345
2024-05-09 16:15:07.528 [main] INFO  com.tfm.app - Esperando conexiones en puerto 12345
